{"/Users/alyshagilliard/hack/senior/products-service/server.js": {"path":"/Users/alyshagilliard/hack/senior/products-service/server.js","statementMap":{"0":{"start":{"line":1,"column":0},"end":{"line":1,"column":27}},"1":{"start":{"line":2,"column":16},"end":{"line":2,"column":34}},"2":{"start":{"line":3,"column":19},"end":{"line":3,"column":32}},"3":{"start":{"line":5,"column":15},"end":{"line":10,"column":2}},"4":{"start":{"line":12,"column":12},"end":{"line":12,"column":21}},"5":{"start":{"line":13,"column":13},"end":{"line":13,"column":17}},"6":{"start":{"line":15,"column":0},"end":{"line":15,"column":17}},"7":{"start":{"line":18,"column":0},"end":{"line":34,"column":3}},"8":{"start":{"line":19,"column":16},"end":{"line":19,"column":36}},"9":{"start":{"line":20,"column":15},"end":{"line":20,"column":41}},"10":{"start":{"line":21,"column":25},"end":{"line":21,"column":80}},"11":{"start":{"line":22,"column":2},"end":{"line":33,"column":7}},"12":{"start":{"line":24,"column":6},"end":{"line":24,"column":109}},"13":{"start":{"line":24,"column":38},"end":{"line":24,"column":109}},"14":{"start":{"line":25,"column":6},"end":{"line":25,"column":30}},"15":{"start":{"line":28,"column":6},"end":{"line":32,"column":7}},"16":{"start":{"line":29,"column":8},"end":{"line":29,"column":51}},"17":{"start":{"line":31,"column":8},"end":{"line":31,"column":91}},"18":{"start":{"line":36,"column":15},"end":{"line":38,"column":2}},"19":{"start":{"line":37,"column":2},"end":{"line":37,"column":43}},"20":{"start":{"line":40,"column":0},"end":{"line":40,"column":33}}},"fnMap":{"0":{"name":"(anonymous_0)","decl":{"start":{"line":18,"column":21},"end":{"line":18,"column":22}},"loc":{"start":{"line":18,"column":35},"end":{"line":34,"column":1}},"line":18},"1":{"name":"(anonymous_1)","decl":{"start":{"line":23,"column":10},"end":{"line":23,"column":11}},"loc":{"start":{"line":23,"column":24},"end":{"line":26,"column":5}},"line":23},"2":{"name":"(anonymous_2)","decl":{"start":{"line":27,"column":11},"end":{"line":27,"column":12}},"loc":{"start":{"line":27,"column":20},"end":{"line":33,"column":5}},"line":27},"3":{"name":"(anonymous_3)","decl":{"start":{"line":36,"column":32},"end":{"line":36,"column":33}},"loc":{"start":{"line":36,"column":38},"end":{"line":38,"column":1}},"line":36}},"branchMap":{"0":{"loc":{"start":{"line":19,"column":16},"end":{"line":19,"column":36}},"type":"binary-expr","locations":[{"start":{"line":19,"column":16},"end":{"line":19,"column":31}},{"start":{"line":19,"column":35},"end":{"line":19,"column":36}}],"line":19},"1":{"loc":{"start":{"line":20,"column":16},"end":{"line":20,"column":35}},"type":"binary-expr","locations":[{"start":{"line":20,"column":16},"end":{"line":20,"column":30}},{"start":{"line":20,"column":34},"end":{"line":20,"column":35}}],"line":20},"2":{"loc":{"start":{"line":24,"column":6},"end":{"line":24,"column":109}},"type":"if","locations":[{"start":{"line":24,"column":6},"end":{"line":24,"column":109}},{"start":{},"end":{}}],"line":24},"3":{"loc":{"start":{"line":28,"column":6},"end":{"line":32,"column":7}},"type":"if","locations":[{"start":{"line":28,"column":6},"end":{"line":32,"column":7}},{"start":{"line":30,"column":13},"end":{"line":32,"column":7}}],"line":28}},"s":{"0":1,"1":1,"2":1,"3":1,"4":1,"5":1,"6":1,"7":1,"8":4,"9":4,"10":4,"11":4,"12":3,"13":1,"14":2,"15":2,"16":1,"17":1,"18":1,"19":1,"20":1},"f":{"0":4,"1":3,"2":2,"3":1},"b":{"0":[4,2],"1":[4,2],"2":[1,2],"3":[1,1]},"_coverageSchema":"1a1c01bbd47fc00a2c39e90264f33305004495a9","hash":"78a451f3d496542640470a741b05382b3ae178e4"}
}
