{"/Users/alyshagilliard/hack/senior/products-service/server.js": {"path":"/Users/alyshagilliard/hack/senior/products-service/server.js","statementMap":{"0":{"start":{"line":1,"column":0},"end":{"line":1,"column":27}},"1":{"start":{"line":2,"column":16},"end":{"line":2,"column":34}},"2":{"start":{"line":3,"column":19},"end":{"line":3,"column":32}},"3":{"start":{"line":5,"column":15},"end":{"line":10,"column":2}},"4":{"start":{"line":12,"column":12},"end":{"line":12,"column":21}},"5":{"start":{"line":13,"column":13},"end":{"line":13,"column":17}},"6":{"start":{"line":15,"column":0},"end":{"line":15,"column":17}},"7":{"start":{"line":18,"column":0},"end":{"line":34,"column":3}},"8":{"start":{"line":19,"column":16},"end":{"line":19,"column":36}},"9":{"start":{"line":20,"column":15},"end":{"line":20,"column":41}},"10":{"start":{"line":21,"column":25},"end":{"line":21,"column":80}},"11":{"start":{"line":22,"column":2},"end":{"line":33,"column":7}},"12":{"start":{"line":24,"column":6},"end":{"line":24,"column":109}},"13":{"start":{"line":24,"column":38},"end":{"line":24,"column":109}},"14":{"start":{"line":25,"column":6},"end":{"line":25,"column":30}},"15":{"start":{"line":28,"column":6},"end":{"line":32,"column":7}},"16":{"start":{"line":29,"column":8},"end":{"line":29,"column":51}},"17":{"start":{"line":31,"column":8},"end":{"line":31,"column":91}},"18":{"start":{"line":37,"column":0},"end":{"line":58,"column":3}},"19":{"start":{"line":38,"column":20},"end":{"line":38,"column":41}},"20":{"start":{"line":39,"column":21},"end":{"line":44,"column":26}},"21":{"start":{"line":46,"column":2},"end":{"line":57,"column":7}},"22":{"start":{"line":48,"column":6},"end":{"line":48,"column":107}},"23":{"start":{"line":48,"column":38},"end":{"line":48,"column":107}},"24":{"start":{"line":49,"column":6},"end":{"line":49,"column":33}},"25":{"start":{"line":52,"column":6},"end":{"line":56,"column":7}},"26":{"start":{"line":53,"column":8},"end":{"line":53,"column":87}},"27":{"start":{"line":55,"column":8},"end":{"line":55,"column":70}},"28":{"start":{"line":61,"column":0},"end":{"line":105,"column":3}},"29":{"start":{"line":62,"column":20},"end":{"line":62,"column":41}},"30":{"start":{"line":63,"column":20},"end":{"line":91,"column":26}},"31":{"start":{"line":93,"column":2},"end":{"line":104,"column":7}},"32":{"start":{"line":95,"column":6},"end":{"line":95,"column":105}},"33":{"start":{"line":95,"column":38},"end":{"line":95,"column":105}},"34":{"start":{"line":96,"column":6},"end":{"line":96,"column":33}},"35":{"start":{"line":99,"column":6},"end":{"line":103,"column":7}},"36":{"start":{"line":100,"column":8},"end":{"line":100,"column":86}},"37":{"start":{"line":102,"column":8},"end":{"line":102,"column":70}},"38":{"start":{"line":107,"column":15},"end":{"line":109,"column":2}},"39":{"start":{"line":108,"column":2},"end":{"line":108,"column":43}},"40":{"start":{"line":111,"column":0},"end":{"line":111,"column":33}}},"fnMap":{"0":{"name":"(anonymous_0)","decl":{"start":{"line":18,"column":21},"end":{"line":18,"column":22}},"loc":{"start":{"line":18,"column":35},"end":{"line":34,"column":1}},"line":18},"1":{"name":"(anonymous_1)","decl":{"start":{"line":23,"column":10},"end":{"line":23,"column":11}},"loc":{"start":{"line":23,"column":24},"end":{"line":26,"column":5}},"line":23},"2":{"name":"(anonymous_2)","decl":{"start":{"line":27,"column":11},"end":{"line":27,"column":12}},"loc":{"start":{"line":27,"column":20},"end":{"line":33,"column":5}},"line":27},"3":{"name":"(anonymous_3)","decl":{"start":{"line":37,"column":33},"end":{"line":37,"column":34}},"loc":{"start":{"line":37,"column":47},"end":{"line":58,"column":1}},"line":37},"4":{"name":"(anonymous_4)","decl":{"start":{"line":47,"column":10},"end":{"line":47,"column":11}},"loc":{"start":{"line":47,"column":24},"end":{"line":50,"column":5}},"line":47},"5":{"name":"(anonymous_5)","decl":{"start":{"line":51,"column":11},"end":{"line":51,"column":12}},"loc":{"start":{"line":51,"column":20},"end":{"line":57,"column":5}},"line":51},"6":{"name":"(anonymous_6)","decl":{"start":{"line":61,"column":40},"end":{"line":61,"column":41}},"loc":{"start":{"line":61,"column":54},"end":{"line":105,"column":1}},"line":61},"7":{"name":"(anonymous_7)","decl":{"start":{"line":94,"column":10},"end":{"line":94,"column":11}},"loc":{"start":{"line":94,"column":24},"end":{"line":97,"column":5}},"line":94},"8":{"name":"(anonymous_8)","decl":{"start":{"line":98,"column":11},"end":{"line":98,"column":12}},"loc":{"start":{"line":98,"column":20},"end":{"line":104,"column":5}},"line":98},"9":{"name":"(anonymous_9)","decl":{"start":{"line":107,"column":32},"end":{"line":107,"column":33}},"loc":{"start":{"line":107,"column":38},"end":{"line":109,"column":1}},"line":107}},"branchMap":{"0":{"loc":{"start":{"line":19,"column":16},"end":{"line":19,"column":36}},"type":"binary-expr","locations":[{"start":{"line":19,"column":16},"end":{"line":19,"column":31}},{"start":{"line":19,"column":35},"end":{"line":19,"column":36}}],"line":19},"1":{"loc":{"start":{"line":20,"column":16},"end":{"line":20,"column":35}},"type":"binary-expr","locations":[{"start":{"line":20,"column":16},"end":{"line":20,"column":30}},{"start":{"line":20,"column":34},"end":{"line":20,"column":35}}],"line":20},"2":{"loc":{"start":{"line":24,"column":6},"end":{"line":24,"column":109}},"type":"if","locations":[{"start":{"line":24,"column":6},"end":{"line":24,"column":109}},{"start":{},"end":{}}],"line":24},"3":{"loc":{"start":{"line":28,"column":6},"end":{"line":32,"column":7}},"type":"if","locations":[{"start":{"line":28,"column":6},"end":{"line":32,"column":7}},{"start":{"line":30,"column":13},"end":{"line":32,"column":7}}],"line":28},"4":{"loc":{"start":{"line":48,"column":6},"end":{"line":48,"column":107}},"type":"if","locations":[{"start":{"line":48,"column":6},"end":{"line":48,"column":107}},{"start":{},"end":{}}],"line":48},"5":{"loc":{"start":{"line":52,"column":6},"end":{"line":56,"column":7}},"type":"if","locations":[{"start":{"line":52,"column":6},"end":{"line":56,"column":7}},{"start":{"line":54,"column":13},"end":{"line":56,"column":7}}],"line":52},"6":{"loc":{"start":{"line":95,"column":6},"end":{"line":95,"column":105}},"type":"if","locations":[{"start":{"line":95,"column":6},"end":{"line":95,"column":105}},{"start":{},"end":{}}],"line":95},"7":{"loc":{"start":{"line":99,"column":6},"end":{"line":103,"column":7}},"type":"if","locations":[{"start":{"line":99,"column":6},"end":{"line":103,"column":7}},{"start":{"line":101,"column":13},"end":{"line":103,"column":7}}],"line":99}},"s":{"0":1,"1":1,"2":1,"3":1,"4":1,"5":1,"6":1,"7":1,"8":4,"9":4,"10":4,"11":4,"12":3,"13":1,"14":2,"15":2,"16":1,"17":1,"18":1,"19":1,"20":1,"21":1,"22":1,"23":0,"24":1,"25":0,"26":0,"27":0,"28":1,"29":1,"30":1,"31":1,"32":0,"33":0,"34":0,"35":0,"36":0,"37":0,"38":1,"39":1,"40":1},"f":{"0":4,"1":3,"2":2,"3":1,"4":1,"5":0,"6":1,"7":0,"8":0,"9":1},"b":{"0":[4,2],"1":[4,2],"2":[1,2],"3":[1,1],"4":[0,1],"5":[0,0],"6":[0,0],"7":[0,0]},"_coverageSchema":"1a1c01bbd47fc00a2c39e90264f33305004495a9","hash":"3de0d3fadd2f64c13f8a2c645d352d4c1f6ece88"}
}
