TN:
SF:server.js
FN:18,(anonymous_0)
FN:23,(anonymous_1)
FN:27,(anonymous_2)
FN:37,(anonymous_3)
FN:47,(anonymous_4)
FN:51,(anonymous_5)
FN:61,(anonymous_6)
FN:94,(anonymous_7)
FN:98,(anonymous_8)
FN:107,(anonymous_9)
FNF:10
FNH:7
FNDA:4,(anonymous_0)
FNDA:3,(anonymous_1)
FNDA:2,(anonymous_2)
FNDA:1,(anonymous_3)
FNDA:1,(anonymous_4)
FNDA:0,(anonymous_5)
FNDA:1,(anonymous_6)
FNDA:0,(anonymous_7)
FNDA:0,(anonymous_8)
FNDA:1,(anonymous_9)
DA:1,1
DA:2,1
DA:3,1
DA:5,1
DA:12,1
DA:13,1
DA:15,1
DA:18,1
DA:19,4
DA:20,4
DA:21,4
DA:22,4
DA:24,3
DA:25,2
DA:28,2
DA:29,1
DA:31,1
DA:37,1
DA:38,1
DA:39,1
DA:46,1
DA:48,1
DA:49,1
DA:52,0
DA:53,0
DA:55,0
DA:61,1
DA:62,1
DA:63,1
DA:93,1
DA:95,0
DA:96,0
DA:99,0
DA:100,0
DA:102,0
DA:107,1
DA:108,1
DA:111,1
LF:38
LH:30
BRDA:19,0,0,4
BRDA:19,0,1,2
BRDA:20,1,0,4
BRDA:20,1,1,2
BRDA:24,2,0,1
BRDA:24,2,1,2
BRDA:28,3,0,1
BRDA:28,3,1,1
BRDA:48,4,0,0
BRDA:48,4,1,1
BRDA:52,5,0,0
BRDA:52,5,1,0
BRDA:95,6,0,0
BRDA:95,6,1,0
BRDA:99,7,0,0
BRDA:99,7,1,0
BRF:16
BRH:9
end_of_record
